<?xml version="1.0" encoding="UTF-8"?>
<testng-results ignored="0" total="8" passed="7" failed="1" skipped="0">
  <reporter-output>
  </reporter-output>
  <suite started-at="2023-10-15T10:24:02 GMT-04:00" name="Open Cart Test Regression PW Suite" finished-at="2023-10-15T10:24:39 GMT-04:00" duration-ms="36956">
    <groups>
    </groups>
    <test started-at="2023-10-15T10:24:02 GMT-04:00" name="Search on Home Page Test1" finished-at="2023-10-15T10:24:28 GMT-04:00" duration-ms="25212">
      <class name="com.qa.opencart.tests.HomePageTest">
        <test-method is-config="true" signature="setup()[pri:0, instance:com.qa.opencart.tests.HomePageTest@5b11a194]" started-at="2023-10-15T10:24:02 GMT-04:00" name="setup" finished-at="2023-10-15T10:24:21 GMT-04:00" duration-ms="18602" status="PASS">
          <reporter-output>
          </reporter-output>
        </test-method> <!-- setup -->
        <test-method signature="homePageTitleTest()[pri:0, instance:com.qa.opencart.tests.HomePageTest@5b11a194]" started-at="2023-10-15T10:24:21 GMT-04:00" name="homePageTitleTest" finished-at="2023-10-15T10:24:21 GMT-04:00" duration-ms="32" status="PASS">
          <reporter-output>
          </reporter-output>
        </test-method> <!-- homePageTitleTest -->
        <test-method signature="homePageURLTest()[pri:0, instance:com.qa.opencart.tests.HomePageTest@5b11a194]" started-at="2023-10-15T10:24:22 GMT-04:00" name="homePageURLTest" finished-at="2023-10-15T10:24:22 GMT-04:00" duration-ms="8" status="PASS">
          <reporter-output>
          </reporter-output>
        </test-method> <!-- homePageURLTest -->
        <test-method signature="searchTest(java.lang.String)[pri:0, instance:com.qa.opencart.tests.HomePageTest@5b11a194]" started-at="2023-10-15T10:24:23 GMT-04:00" name="searchTest" data-provider="getProductData" finished-at="2023-10-15T10:24:24 GMT-04:00" duration-ms="784" status="PASS">
          <params>
            <param index="0">
              <value>
                <![CDATA[macbook]]>
              </value>
            </param>
          </params>
          <reporter-output>
          </reporter-output>
        </test-method> <!-- searchTest -->
        <test-method signature="searchTest(java.lang.String)[pri:0, instance:com.qa.opencart.tests.HomePageTest@5b11a194]" started-at="2023-10-15T10:24:25 GMT-04:00" name="searchTest" data-provider="getProductData" finished-at="2023-10-15T10:24:26 GMT-04:00" duration-ms="816" status="PASS">
          <params>
            <param index="0">
              <value>
                <![CDATA[imac]]>
              </value>
            </param>
          </params>
          <reporter-output>
          </reporter-output>
        </test-method> <!-- searchTest -->
        <test-method signature="searchTest(java.lang.String)[pri:0, instance:com.qa.opencart.tests.HomePageTest@5b11a194]" started-at="2023-10-15T10:24:26 GMT-04:00" name="searchTest" data-provider="getProductData" finished-at="2023-10-15T10:24:27 GMT-04:00" duration-ms="226" status="FAIL">
          <params>
            <param index="0">
              <value>
                <![CDATA[samsung]]>
              </value>
            </param>
          </params>
          <exception class="java.lang.AssertionError">
            <message>
              <![CDATA[expected [Search - samsung] but found [Search - imac]]]>
            </message>
            <full-stacktrace>
              <![CDATA[java.lang.AssertionError: expected [Search - samsung] but found [Search - imac]
at org.testng.Assert.fail(Assert.java:111)
at org.testng.Assert.failNotEquals(Assert.java:1578)
at org.testng.Assert.assertEqualsImpl(Assert.java:150)
at org.testng.Assert.assertEquals(Assert.java:132)
at org.testng.Assert.assertEquals(Assert.java:656)
at org.testng.Assert.assertEquals(Assert.java:666)
at com.qa.opencart.tests.HomePageTest.searchTest(HomePageTest.java:37)
at java.base/jdk.internal.reflect.NativeMethodAccessorImpl.invoke0(Native Method)
at java.base/jdk.internal.reflect.NativeMethodAccessorImpl.invoke(NativeMethodAccessorImpl.java:77)
at java.base/jdk.internal.reflect.DelegatingMethodAccessorImpl.invoke(DelegatingMethodAccessorImpl.java:43)
at java.base/java.lang.reflect.Method.invoke(Method.java:568)
at org.testng.internal.invokers.MethodInvocationHelper.invokeMethod(MethodInvocationHelper.java:139)
at org.testng.internal.invokers.TestInvoker.invokeMethod(TestInvoker.java:664)
at org.testng.internal.invokers.TestInvoker.invokeTestMethod(TestInvoker.java:227)
at org.testng.internal.invokers.MethodRunner.runInSequence(MethodRunner.java:50)
at org.testng.internal.invokers.TestInvoker$MethodInvocationAgent.invoke(TestInvoker.java:957)
at org.testng.internal.invokers.TestInvoker.invokeTestMethods(TestInvoker.java:200)
at org.testng.internal.invokers.TestMethodWorker.invokeTestMethods(TestMethodWorker.java:148)
at org.testng.internal.invokers.TestMethodWorker.run(TestMethodWorker.java:128)
at java.base/java.util.ArrayList.forEach(ArrayList.java:1511)
at org.testng.TestRunner.privateRun(TestRunner.java:848)
at org.testng.TestRunner.run(TestRunner.java:621)
at org.testng.SuiteRunner.runTest(SuiteRunner.java:443)
at org.testng.SuiteRunner$SuiteWorker.run(SuiteRunner.java:481)
at org.testng.internal.thread.ThreadUtil.lambda$execute$0(ThreadUtil.java:58)
at java.base/java.util.concurrent.FutureTask.run(FutureTask.java:264)
at java.base/java.util.concurrent.ThreadPoolExecutor.runWorker(ThreadPoolExecutor.java:1136)
at java.base/java.util.concurrent.ThreadPoolExecutor$Worker.run(ThreadPoolExecutor.java:635)
at java.base/java.lang.Thread.run(Thread.java:833)
]]>
            </full-stacktrace>
          </exception> <!-- java.lang.AssertionError -->
          <reporter-output>
          </reporter-output>
        </test-method> <!-- searchTest -->
        <test-method is-config="true" signature="tearDown()[pri:0, instance:com.qa.opencart.tests.HomePageTest@5b11a194]" started-at="2023-10-15T10:24:27 GMT-04:00" name="tearDown" finished-at="2023-10-15T10:24:28 GMT-04:00" duration-ms="444" status="PASS">
          <reporter-output>
          </reporter-output>
        </test-method> <!-- tearDown -->
      </class> <!-- com.qa.opencart.tests.HomePageTest -->
    </test> <!-- Search on Home Page Test1 -->
    <test started-at="2023-10-15T10:24:02 GMT-04:00" name="Login to Home Page Test2" finished-at="2023-10-15T10:24:39 GMT-04:00" duration-ms="36956">
      <class name="com.qa.opencart.tests.LoginPageTest">
        <test-method is-config="true" signature="setup()[pri:0, instance:com.qa.opencart.tests.LoginPageTest@6cbcf243]" started-at="2023-10-15T10:24:02 GMT-04:00" name="setup" finished-at="2023-10-15T10:24:21 GMT-04:00" duration-ms="18221" status="PASS">
          <reporter-output>
          </reporter-output>
        </test-method> <!-- setup -->
        <test-method signature="loginPageNavigationTest()[pri:1, instance:com.qa.opencart.tests.LoginPageTest@6cbcf243]" started-at="2023-10-15T10:24:21 GMT-04:00" name="loginPageNavigationTest" finished-at="2023-10-15T10:24:24 GMT-04:00" duration-ms="3030" status="PASS">
          <reporter-output>
          </reporter-output>
        </test-method> <!-- loginPageNavigationTest -->
        <test-method signature="ForgetPasswordLinkExistTest()[pri:2, instance:com.qa.opencart.tests.LoginPageTest@6cbcf243]" started-at="2023-10-15T10:24:25 GMT-04:00" name="ForgetPasswordLinkExistTest" finished-at="2023-10-15T10:24:25 GMT-04:00" duration-ms="689" status="PASS">
          <reporter-output>
          </reporter-output>
        </test-method> <!-- ForgetPasswordLinkExistTest -->
        <test-method signature="appLoginTest()[pri:3, instance:com.qa.opencart.tests.LoginPageTest@6cbcf243]" started-at="2023-10-15T10:24:26 GMT-04:00" name="appLoginTest" finished-at="2023-10-15T10:24:38 GMT-04:00" duration-ms="12341" status="PASS">
          <reporter-output>
          </reporter-output>
        </test-method> <!-- appLoginTest -->
        <test-method is-config="true" signature="tearDown()[pri:0, instance:com.qa.opencart.tests.LoginPageTest@6cbcf243]" started-at="2023-10-15T10:24:39 GMT-04:00" name="tearDown" finished-at="2023-10-15T10:24:39 GMT-04:00" duration-ms="521" status="PASS">
          <reporter-output>
          </reporter-output>
        </test-method> <!-- tearDown -->
      </class> <!-- com.qa.opencart.tests.LoginPageTest -->
    </test> <!-- Login to Home Page Test2 -->
  </suite> <!-- Open Cart Test Regression PW Suite -->
</testng-results>
